2013-11-28 00:05:29,191 - Velocimacro : initialization complete.
2013-11-28 00:05:29,191 - Velocity successfully started.
2013-11-30 03:14:45,865 - SimpleLog4JLogSystem initialized using logfile 'velocity.log'
2013-11-30 03:14:45,866 - ************************************************************** 
2013-11-30 03:14:45,866 - Starting Jakarta Velocity v1.4
2013-11-30 03:14:45,866 - RuntimeInstance initializing.
2013-11-30 03:14:45,866 - Default Properties File: org/apache/velocity/runtime/defaults/velocity.properties
2013-11-30 03:14:45,866 - Trying to use logger class org.apache.velocity.runtime.log.SimpleLog4JLogSystem
2013-11-30 03:14:45,866 - Using logger class org.apache.velocity.runtime.log.SimpleLog4JLogSystem
2013-11-30 03:14:45,870 - Default ResourceManager initializing. (class org.apache.velocity.runtime.resource.ResourceManagerImpl)
2013-11-30 03:14:45,874 - Resource Loader Instantiated: org.apache.velocity.runtime.resource.loader.ClasspathResourceLoader
2013-11-30 03:14:45,874 - ClasspathResourceLoader : initialization starting.
2013-11-30 03:14:45,874 - ClasspathResourceLoader : initialization complete.
2013-11-30 03:14:45,877 - ResourceCache : initialized. (class org.apache.velocity.runtime.resource.ResourceCacheImpl)
2013-11-30 03:14:45,877 - Default ResourceManager initialization complete.
2013-11-30 03:14:45,879 - Loaded System Directive: org.apache.velocity.runtime.directive.Literal
2013-11-30 03:14:45,882 - Loaded System Directive: org.apache.velocity.runtime.directive.Macro
2013-11-30 03:14:45,885 - Loaded System Directive: org.apache.velocity.runtime.directive.Parse
2013-11-30 03:14:45,888 - Loaded System Directive: org.apache.velocity.runtime.directive.Include
2013-11-30 03:14:45,890 - Loaded System Directive: org.apache.velocity.runtime.directive.Foreach
2013-11-30 03:14:45,934 - Created: 20 parsers.
2013-11-30 03:14:45,944 - Velocimacro : initialization starting.
2013-11-30 03:14:45,944 - Velocimacro : adding VMs from VM library template : VM_global_library.vm
2013-11-30 03:14:45,949 - ResourceManager : unable to find resource 'VM_global_library.vm' in any resource loader.
2013-11-30 03:14:45,950 - Velocimacro : error using  VM library template VM_global_library.vm : org.apache.velocity.exception.ResourceNotFoundException: Unable to find resource 'VM_global_library.vm'
2013-11-30 03:14:45,950 - Velocimacro :  VM library template macro registration complete.
2013-11-30 03:14:45,950 - Velocimacro : allowInline = true : VMs can be defined inline in templates
2013-11-30 03:14:45,950 - Velocimacro : allowInlineToOverride = false : VMs defined inline may NOT replace previous VM definitions
2013-11-30 03:14:45,950 - Velocimacro : allowInlineLocal = false : VMs defined inline will be  global in scope if allowed.
2013-11-30 03:14:45,950 - Velocimacro : messages on  : VM system will output logging messages
2013-11-30 03:14:45,950 - Velocimacro : autoload off  : VM system will not automatically reload global library macros
2013-11-30 03:14:45,950 - Velocimacro : initialization complete.
2013-11-30 03:14:45,950 - Velocity successfully started.
2013-11-30 03:18:55,728 - SimpleLog4JLogSystem initialized using logfile 'velocity.log'
2013-11-30 03:18:55,728 - ************************************************************** 
2013-11-30 03:18:55,728 - Starting Jakarta Velocity v1.4
2013-11-30 03:18:55,728 - RuntimeInstance initializing.
2013-11-30 03:18:55,728 - Default Properties File: org/apache/velocity/runtime/defaults/velocity.properties
2013-11-30 03:18:55,728 - Trying to use logger class org.apache.velocity.runtime.log.SimpleLog4JLogSystem
2013-11-30 03:18:55,728 - Using logger class org.apache.velocity.runtime.log.SimpleLog4JLogSystem
2013-11-30 03:18:55,732 - Default ResourceManager initializing. (class org.apache.velocity.runtime.resource.ResourceManagerImpl)
2013-11-30 03:18:55,735 - Resource Loader Instantiated: org.apache.velocity.runtime.resource.loader.ClasspathResourceLoader
2013-11-30 03:18:55,735 - ClasspathResourceLoader : initialization starting.
2013-11-30 03:18:55,735 - ClasspathResourceLoader : initialization complete.
2013-11-30 03:18:55,737 - ResourceCache : initialized. (class org.apache.velocity.runtime.resource.ResourceCacheImpl)
2013-11-30 03:18:55,737 - Default ResourceManager initialization complete.
2013-11-30 03:18:55,739 - Loaded System Directive: org.apache.velocity.runtime.directive.Literal
2013-11-30 03:18:55,741 - Loaded System Directive: org.apache.velocity.runtime.directive.Macro
2013-11-30 03:18:55,744 - Loaded System Directive: org.apache.velocity.runtime.directive.Parse
2013-11-30 03:18:55,746 - Loaded System Directive: org.apache.velocity.runtime.directive.Include
2013-11-30 03:18:55,748 - Loaded System Directive: org.apache.velocity.runtime.directive.Foreach
2013-11-30 03:18:55,801 - Created: 20 parsers.
2013-11-30 03:18:55,809 - Velocimacro : initialization starting.
2013-11-30 03:18:55,810 - Velocimacro : adding VMs from VM library template : VM_global_library.vm
2013-11-30 03:18:55,814 - ResourceManager : unable to find resource 'VM_global_library.vm' in any resource loader.
2013-11-30 03:18:55,814 - Velocimacro : error using  VM library template VM_global_library.vm : org.apache.velocity.exception.ResourceNotFoundException: Unable to find resource 'VM_global_library.vm'
2013-11-30 03:18:55,814 - Velocimacro :  VM library template macro registration complete.
2013-11-30 03:18:55,814 - Velocimacro : allowInline = true : VMs can be defined inline in templates
2013-11-30 03:18:55,814 - Velocimacro : allowInlineToOverride = false : VMs defined inline may NOT replace previous VM definitions
2013-11-30 03:18:55,814 - Velocimacro : allowInlineLocal = false : VMs defined inline will be  global in scope if allowed.
2013-11-30 03:18:55,814 - Velocimacro : messages on  : VM system will output logging messages
2013-11-30 03:18:55,814 - Velocimacro : autoload off  : VM system will not automatically reload global library macros
2013-11-30 03:18:55,814 - Velocimacro : initialization complete.
2013-11-30 03:18:55,814 - Velocity successfully started.
